c:\users\conso\onedrive\documentos\github\recently-played-games\xmb-plugin\built\release\cellprx_xmb_plugin_stub.a
c:\programdata\windhawk\engine\modswritable\mod-status\2200_133921016274806623_4664_modernize-folder-picker-dialog
c:\programdata\windhawk\engine\modswritable\mod-status\2200_133921016274806623_4664_slick-window-arrangement
c:\programdata\windhawk\engine\modswritable\mod-task\2200_133921016274806623_4664_slick-window-arrangement
c:\programdata\windhawk\engine\modswritable\mod-task\2200_133921016274806623_4664_modernize-folder-picker-dialog
c:\users\conso\onedrive\documentos\github\recently-played-games\xmb-plugin\built\release\xmb_plugin.sprx
c:\programdata\windhawk\engine\modswritable\mod-status\2200_133921016274806623_16280_modernize-folder-picker-dialog
c:\programdata\windhawk\engine\modswritable\mod-status\2200_133921016274806623_16280_slick-window-arrangement
c:\programdata\windhawk\engine\modswritable\mod-task\2200_133921016274806623_16280_slick-window-arrangement
c:\programdata\windhawk\engine\modswritable\mod-task\2200_133921016274806623_16280_modernize-folder-picker-dialog
c:\users\conso\appdata\local\temp\ps3ppuld46082\lib.ent.o
c:\programdata\windhawk\engine\modswritable\mod-status\2200_133921016274806623_16432_modernize-folder-picker-dialog
c:\programdata\windhawk\engine\modswritable\mod-status\2200_133921016274806623_16432_slick-window-arrangement
c:\programdata\windhawk\engine\modswritable\mod-task\2200_133921016274806623_16432_slick-window-arrangement
c:\programdata\windhawk\engine\modswritable\mod-task\2200_133921016274806623_16432_modernize-folder-picker-dialog
c:\users\conso\appdata\local\temp\ps3ppuld46082\xmb_plugin
c:\programdata\windhawk\engine\modswritable\mod-status\2200_133921016274806623_16260_modernize-folder-picker-dialog
c:\programdata\windhawk\engine\modswritable\mod-status\2200_133921016274806623_16260_slick-window-arrangement
c:\programdata\windhawk\engine\modswritable\mod-task\2200_133921016274806623_16260_slick-window-arrangement
c:\programdata\windhawk\engine\modswritable\mod-task\2200_133921016274806623_16260_modernize-folder-picker-dialog
c:\users\conso\appdata\local\temp\ps3ppuld46082\lib.ent.s
c:\users\conso\onedrive\documentos\github\recently-played-games\xmb-plugin\xmb_plugin\ps3_release\xmb_plugin.o
c:\users\conso\onedrive\documentos\github\recently-played-games\xmb-plugin\xmb_plugin\ps3_release\prxmain.o
c:\users\conso\onedrive\documentos\github\recently-played-games\xmb-plugin\xmb_plugin\ps3_release\detours.o
c:\users\conso\onedrive\documentos\github\recently-played-games\xmb-plugin\xmb_plugin\ps3_release\common.o
c:\users\conso\onedrive\documentos\github\recently-played-games\xmb-plugin\xmb_plugin\ps3_release\syscalls.o
c:\users\conso\onedrive\documentos\github\recently-played-games\xmb-plugin\xmb_plugin\ps3_release\timer.o
c:\users\conso\onedrive\documentos\github\recently-played-games\xmb-plugin\xmb_plugin\ps3_release\xmb_plugin.write.1.tlog
c:\users\conso\onedrive\documentos\github\recently-played-games\xmb-plugin\xmb_plugin\ps3_release\xmb_plugin.tlog\ps3ppuld64-make_fself.read.1.tlog
c:\users\conso\onedrive\documentos\github\recently-played-games\xmb-plugin\xmb_plugin\ps3_release\xmb_plugin.tlog\ps3ppuld64-make_fself.write.1.tlog
c:\users\conso\onedrive\documentos\github\recently-played-games\xmb-plugin\xmb_plugin\ps3_release\xmb_plugin.tlog\ps3ppuld64-ppu-lv2-as.read.1.tlog
c:\users\conso\onedrive\documentos\github\recently-played-games\xmb-plugin\xmb_plugin\ps3_release\xmb_plugin.tlog\ps3ppuld64-ppu-lv2-as.write.1.tlog
c:\users\conso\onedrive\documentos\github\recently-played-games\xmb-plugin\xmb_plugin\ps3_release\xmb_plugin.tlog\ps3ppuld64-ppu-lv2-prx-fixup.read.1.tlog
c:\users\conso\onedrive\documentos\github\recently-played-games\xmb-plugin\xmb_plugin\ps3_release\xmb_plugin.tlog\ps3ppuld64-ppu-lv2-prx-fixup.write.1.tlog
c:\users\conso\onedrive\documentos\github\recently-played-games\xmb-plugin\xmb_plugin\ps3_release\xmb_plugin.tlog\ps3ppuld64-ppu-lv2-prx-libgen.read.1.tlog
c:\users\conso\onedrive\documentos\github\recently-played-games\xmb-plugin\xmb_plugin\ps3_release\xmb_plugin.tlog\ps3ppuld64-ppu-lv2-prx-libgen.write.1.tlog
c:\users\conso\onedrive\documentos\github\recently-played-games\xmb-plugin\xmb_plugin\ps3_release\xmb_plugin.tlog\ps3ppuld64.command.1.tlog
c:\users\conso\onedrive\documentos\github\recently-played-games\xmb-plugin\xmb_plugin\ps3_release\xmb_plugin.tlog\ps3ppuld64.read.1.tlog
c:\users\conso\onedrive\documentos\github\recently-played-games\xmb-plugin\xmb_plugin\ps3_release\xmb_plugin.tlog\ps3ppuld64.write.1.tlog
c:\users\conso\onedrive\documentos\github\recently-played-games\xmb-plugin\xmb_plugin\ps3_release\xmb_plugin.tlog\ps3ppusnc.command.1.tlog
c:\users\conso\onedrive\documentos\github\recently-played-games\xmb-plugin\xmb_plugin\ps3_release\xmb_plugin.tlog\ps3ppusnc.read.1.tlog
c:\users\conso\onedrive\documentos\github\recently-played-games\xmb-plugin\xmb_plugin\ps3_release\xmb_plugin.tlog\ps3ppusnc.write.1.tlog
