c:\programdata\windhawk\engine\modswritable\mod-status\5968_134024433482204563_29208_modernize-folder-picker-dialog
c:\programdata\windhawk\engine\modswritable\mod-status\5968_134024433482204563_29208_slick-window-arrangement
c:\programdata\windhawk\engine\modswritable\mod-task\5968_134024433482204563_29208_slick-window-arrangement
c:\programdata\windhawk\engine\modswritable\mod-task\5968_134024433482204563_29208_modernize-folder-picker-dialog
c:\users\conso\appdata\local\temp\ps3ppuld227602\lib.ent.o
c:\programdata\windhawk\engine\modswritable\mod-status\5968_134024433482204563_17116_modernize-folder-picker-dialog
c:\programdata\windhawk\engine\modswritable\mod-status\5968_134024433482204563_17116_slick-window-arrangement
c:\programdata\windhawk\engine\modswritable\mod-task\5968_134024433482204563_17116_slick-window-arrangement
c:\programdata\windhawk\engine\modswritable\mod-task\5968_134024433482204563_17116_modernize-folder-picker-dialog
c:\users\conso\appdata\local\temp\ps3ppuld216882\lib.ent.o
c:\programdata\windhawk\engine\modswritable\mod-status\5968_134024433482204563_18644_modernize-folder-picker-dialog
c:\programdata\windhawk\engine\modswritable\mod-status\5968_134024433482204563_18644_slick-window-arrangement
c:\programdata\windhawk\engine\modswritable\mod-task\5968_134024433482204563_18644_slick-window-arrangement
c:\programdata\windhawk\engine\modswritable\mod-task\5968_134024433482204563_18644_modernize-folder-picker-dialog
c:\programdata\windhawk\engine\modswritable\mod-status\5968_134024433482204563_19976_modernize-folder-picker-dialog
c:\programdata\windhawk\engine\modswritable\mod-status\5968_134024433482204563_19976_slick-window-arrangement
c:\programdata\windhawk\engine\modswritable\mod-task\5968_134024433482204563_19976_slick-window-arrangement
c:\programdata\windhawk\engine\modswritable\mod-task\5968_134024433482204563_19976_modernize-folder-picker-dialog
c:\programdata\windhawk\engine\modswritable\mod-status\5968_134024433482204563_10608_modernize-folder-picker-dialog
c:\programdata\windhawk\engine\modswritable\mod-status\5968_134024433482204563_10608_slick-window-arrangement
c:\programdata\windhawk\engine\modswritable\mod-task\5968_134024433482204563_10608_slick-window-arrangement
c:\programdata\windhawk\engine\modswritable\mod-task\5968_134024433482204563_10608_modernize-folder-picker-dialog
c:\users\conso\appdata\local\temp\ps3ppuld227602\lib.ent.s
c:\programdata\windhawk\engine\modswritable\mod-status\5968_134024433482204563_15168_modernize-folder-picker-dialog
c:\programdata\windhawk\engine\modswritable\mod-status\5968_134024433482204563_15168_slick-window-arrangement
c:\programdata\windhawk\engine\modswritable\mod-task\5968_134024433482204563_15168_slick-window-arrangement
c:\programdata\windhawk\engine\modswritable\mod-task\5968_134024433482204563_15168_modernize-folder-picker-dialog
c:\users\conso\appdata\local\temp\ps3ppuld216882\lib.ent.s
c:\users\conso\onedrive\documentos\github\system-watcher-plugin\files\built\debug\bin-int\prxmain.o
c:\users\conso\onedrive\documentos\github\system-watcher-plugin\files\built\debug\bin-int\detours.o
c:\users\conso\onedrive\documentos\github\system-watcher-plugin\files\built\debug\bin-int\common.o
c:\users\conso\onedrive\documentos\github\system-watcher-plugin\files\built\debug\bin-int\syscalls.o
c:\users\conso\onedrive\documentos\github\system-watcher-plugin\files\built\debug\bin-int\timer.o
c:\users\conso\onedrive\documentos\github\system-watcher-plugin\files\built\debug\bin-int\system_watcher_plugin.o
c:\users\conso\onedrive\documentos\github\system-watcher-plugin\files\built\debug\bin-int\system_w.45c725dd.tlog\ps3ppuld64-ppu-lv2-as.read.1.tlog
c:\users\conso\onedrive\documentos\github\system-watcher-plugin\files\built\debug\bin-int\system_w.45c725dd.tlog\ps3ppuld64-ppu-lv2-as.write.1.tlog
c:\users\conso\onedrive\documentos\github\system-watcher-plugin\files\built\debug\bin-int\system_w.45c725dd.tlog\ps3ppuld64-ppu-lv2-prx-fixup.read.1.tlog
c:\users\conso\onedrive\documentos\github\system-watcher-plugin\files\built\debug\bin-int\system_w.45c725dd.tlog\ps3ppuld64-ppu-lv2-prx-fixup.write.1.tlog
c:\users\conso\onedrive\documentos\github\system-watcher-plugin\files\built\debug\bin-int\system_w.45c725dd.tlog\ps3ppuld64-ppu-lv2-prx-libgen.read.1.tlog
c:\users\conso\onedrive\documentos\github\system-watcher-plugin\files\built\debug\bin-int\system_w.45c725dd.tlog\ps3ppuld64-ppu-lv2-prx-libgen.write.1.tlog
c:\users\conso\onedrive\documentos\github\system-watcher-plugin\files\built\debug\bin-int\system_w.45c725dd.tlog\ps3ppuld64.13360.read.1.tlog
c:\users\conso\onedrive\documentos\github\system-watcher-plugin\files\built\debug\bin-int\system_w.45c725dd.tlog\ps3ppuld64.13360.write.1.tlog
c:\users\conso\onedrive\documentos\github\system-watcher-plugin\files\built\debug\bin-int\system_w.45c725dd.tlog\ps3ppuld64.17320.read.1.tlog
c:\users\conso\onedrive\documentos\github\system-watcher-plugin\files\built\debug\bin-int\system_w.45c725dd.tlog\ps3ppuld64.17320.write.1.tlog
c:\users\conso\onedrive\documentos\github\system-watcher-plugin\files\built\debug\bin-int\system_w.45c725dd.tlog\ps3ppuld64.command.1.tlog
c:\users\conso\onedrive\documentos\github\system-watcher-plugin\files\built\debug\bin-int\system_w.45c725dd.tlog\ps3ppuld64.read.1.tlog
c:\users\conso\onedrive\documentos\github\system-watcher-plugin\files\built\debug\bin-int\system_w.45c725dd.tlog\ps3ppuld64.write.1.tlog
c:\users\conso\onedrive\documentos\github\system-watcher-plugin\files\built\debug\bin-int\system_w.45c725dd.tlog\ps3ppusnc.command.1.tlog
c:\users\conso\onedrive\documentos\github\system-watcher-plugin\files\built\debug\bin-int\system_w.45c725dd.tlog\ps3ppusnc.read.1.tlog
c:\users\conso\onedrive\documentos\github\system-watcher-plugin\files\built\debug\bin-int\system_w.45c725dd.tlog\ps3ppusnc.write.1.tlog
